	[12/Jul/13 12:27:21][AUDIT][28a33189d59e2798bae32870d7867e41][GUI]
		Login for 'admin' from '109.174.66.66' succeeded
	[12/Jul/13 12:27:58][AUDIT][28a33189d59e2798bae32870d7867e41][GUI]
		User 'admin' was saved
	[12/Jul/13 12:28:31][AUDIT][28a33189d59e2798bae32870d7867e41][GUI]
		Test Project 'Перепрошивка по РК' was created
	[12/Jul/13 12:34:02][AUDIT][glaa2l6b0g28u1k9i453185sr2][GUI]
		Login for 'admin' from '89.251.98.155' succeeded
	[12/Jul/13 12:37:24][AUDIT][glaa2l6b0g28u1k9i453185sr2][GUI]
		Custom field 'Expected result' was assigned to Test Project 'Перепрошивка по РК'
	[12/Jul/13 12:37:24][AUDIT][glaa2l6b0g28u1k9i453185sr2][GUI]
		Custom field 'Priority' was assigned to Test Project 'Перепрошивка по РК'
	[12/Jul/13 12:37:24][AUDIT][glaa2l6b0g28u1k9i453185sr2][GUI]
		Custom field 'Step to reproduce' was assigned to Test Project 'Перепрошивка по РК'
	[12/Jul/13 12:37:42][AUDIT][glaa2l6b0g28u1k9i453185sr2][GUI]
		Custom field 'Severity' was assigned to Test Project 'Перепрошивка по РК'
	[12/Jul/13 12:40:56][AUDIT][28a33189d59e2798bae32870d7867e41][GUI]
		Test Project 'Перепрошивка по РК' - Test Plan 'Все тест-кейсы' was created
	[12/Jul/13 12:44:00][AUDIT][glaa2l6b0g28u1k9i453185sr2][GUI]
		Test Case 'FWL-1 : Установление подключения' version 1 was added to Test Plan Все тест-кейсы
	[12/Jul/13 12:44:00][AUDIT][glaa2l6b0g28u1k9i453185sr2][GUI]
		Test Case 'FWL-2 : Закрытие подключение' version 1 was added to Test Plan Все тест-кейсы
	[12/Jul/13 12:44:00][AUDIT][glaa2l6b0g28u1k9i453185sr2][GUI]
		Test Case 'FWL-6 : Негативный тест проверки работы с БД' version 1 was added to Test Plan Все тест-кейсы
	[12/Jul/13 12:44:00][AUDIT][glaa2l6b0g28u1k9i453185sr2][GUI]
		Test Case 'FWL-4 : Определение отключение КСК' version 1 was added to Test Plan Все тест-кейсы
	[12/Jul/13 12:44:00][AUDIT][glaa2l6b0g28u1k9i453185sr2][GUI]
		Test Case 'FWL-5 : Позитивный тест проверки работы с БД' version 1 was added to Test Plan Все тест-кейсы
	[12/Jul/13 12:44:00][AUDIT][glaa2l6b0g28u1k9i453185sr2][GUI]
		Test Case 'FWL-18 : Файл протокола работы программы' version 1 was added to Test Plan Все тест-кейсы
	[12/Jul/13 12:44:00][AUDIT][glaa2l6b0g28u1k9i453185sr2][GUI]
		Test Case 'FWL-19 : Лог синхронизации с БД' version 1 was added to Test Plan Все тест-кейсы
	[12/Jul/13 12:44:00][AUDIT][glaa2l6b0g28u1k9i453185sr2][GUI]
		Test Case 'FWL-9 : Отображение РС' version 1 was added to Test Plan Все тест-кейсы
	[12/Jul/13 12:44:00][AUDIT][glaa2l6b0g28u1k9i453185sr2][GUI]
		Test Case 'FWL-17 : Протокол в программе' version 1 was added to Test Plan Все тест-кейсы
	[12/Jul/13 12:44:00][AUDIT][glaa2l6b0g28u1k9i453185sr2][GUI]
		Test Case 'FWL-7 : Выбор сети' version 1 was added to Test Plan Все тест-кейсы
	[12/Jul/13 12:44:00][AUDIT][glaa2l6b0g28u1k9i453185sr2][GUI]
		Test Case 'FWL-8 : Поиск сети по первым буквам' version 1 was added to Test Plan Все тест-кейсы
	[12/Jul/13 12:44:00][AUDIT][glaa2l6b0g28u1k9i453185sr2][GUI]
		Test Case 'FWL-13 : Перепрошивка РС по РК в прямой видимости на основе типа' version 1 was added to Test Plan Все тест-кейсы
	[12/Jul/13 12:44:00][AUDIT][glaa2l6b0g28u1k9i453185sr2][GUI]
		Test Case 'FWL-14 : Перепрошивка РС по РК через ретрансляцию на основе типа' version 1 was added to Test Plan Все тест-кейсы
	[12/Jul/13 12:44:00][AUDIT][glaa2l6b0g28u1k9i453185sr2][GUI]
		Test Case 'FWL-15 : Перепрошивка РС по РК в прямой видимости выбранной прошивкой' version 1 was added to Test Plan Все тест-кейсы
	[12/Jul/13 12:44:00][AUDIT][glaa2l6b0g28u1k9i453185sr2][GUI]
		Test Case 'FWL-16 : Перепрошивка РС по РК через ретрансляцию выбранной прошивкой' version 1 was added to Test Plan Все тест-кейсы
	[12/Jul/13 12:44:00][AUDIT][glaa2l6b0g28u1k9i453185sr2][GUI]
		Test Case 'FWL-10 : Обновление информации о сети' version 1 was added to Test Plan Все тест-кейсы
	[12/Jul/13 12:44:00][AUDIT][glaa2l6b0g28u1k9i453185sr2][GUI]
		Test Case 'FWL-11 : Перепрошивка по КСК на основе типа' version 1 was added to Test Plan Все тест-кейсы
	[12/Jul/13 12:44:00][AUDIT][glaa2l6b0g28u1k9i453185sr2][GUI]
		Test Case 'FWL-12 : Перепрошивка по КСК на основе выбранной прошивки' version 1 was added to Test Plan Все тест-кейсы
	[12/Jul/13 12:44:00][AUDIT][glaa2l6b0g28u1k9i453185sr2][GUI]
		Test Case 'FWL-20 : Отчет о работе с сетью' version 1 was added to Test Plan Все тест-кейсы
	[12/Jul/13 12:44:36][AUDIT][28a33189d59e2798bae32870d7867e41][GUI]
		Test Project 'Перепрошивка по РК' - Test Plan 'Все тест-кейсы' - Build '1.0.0.1' was created
	[12/Jul/13 12:45:02][AUDIT][28a33189d59e2798bae32870d7867e41][GUI]
		Test Case 'FWL-3 : Отображение COM-портов в настройках' version 1 was added to Test Plan Все тест-кейсы
	[12/Jul/13 14:12:08][AUDIT][28a33189d59e2798bae32870d7867e41][GUI]
		Login for 'admin' from '109.174.66.66' succeeded
	[12/Jul/14 17:19:28][AUDIT][28a33189d59e2798bae32870d7867e41][GUI]
		Login for 'admin' from '109.174.66.66' succeeded
	[12/Jul/16 04:17:18][AUDIT][bdqdfhp1q8tfb8s3u6pbu3sat4][GUI]
		Login for 'admin' from '89.251.98.155' succeeded
	[12/Jul/17 08:46:56][AUDIT][0hun5alqe7a8cnfni8tnm3kq63][GUI]
		Login for 'admin' from '89.251.98.155' succeeded
