[>>][500013e18e932778202360][DEFAULT][/testlink/install/installNewDB.php][12/Jul/13 12:26:09]
	[12/Jul/13 12:26:10][WARNING][<nosession>][GUI]
		E_WARNING
fopen(../config_db.inc.php): failed to open stream: Permission denied - in /var/www/mahon.ru/testlink/install/installNewDB.php - Line 570
	[12/Jul/13 12:26:10][WARNING][<nosession>][GUI]
		E_WARNING
fwrite() expects parameter 1 to be resource, boolean given - in /var/www/mahon.ru/testlink/install/installNewDB.php - Line 575
	[12/Jul/13 12:26:10][WARNING][<nosession>][GUI]
		E_WARNING
fclose() expects parameter 1 to be resource, boolean given - in /var/www/mahon.ru/testlink/install/installNewDB.php - Line 578
[<<][500013e18e932778202360][DEFAULT][/testlink/install/installNewDB.php][12/Jul/13 12:26:09][12/Jul/13 12:26:10][took 0.863814 secs]
[>>][5000142424f03262153906][DEFAULT][/testlink/index.php][12/Jul/13 12:27:16]
[<<][5000142424f03262153906][DEFAULT][/testlink/index.php][12/Jul/13 12:27:16][12/Jul/13 12:27:16][took 0.087815 secs]
[>>][500014258a8f0177987895][DEFAULT][/testlink/login.php][12/Jul/13 12:27:17]
[<<][500014258a8f0177987895][DEFAULT][/testlink/login.php][12/Jul/13 12:27:17][12/Jul/13 12:27:17][took 0.083279 secs]
[>>][500014259f0d2761242757][DEFAULT][/testlink/login.php][12/Jul/13 12:27:17]
[<<][500014259f0d2761242757][DEFAULT][/testlink/login.php][12/Jul/13 12:27:17][12/Jul/13 12:27:17][took 0.105228 secs]
[>>][50001429ba410098069605][DEFAULT][/testlink/login.php][12/Jul/13 12:27:21]
[<<][50001429ba410098069605][DEFAULT][/testlink/login.php][12/Jul/13 12:27:21][12/Jul/13 12:27:21][took 0.082463 secs]
[>>][50001429ce935623871950][DEFAULT][/testlink/login.php][12/Jul/13 12:27:21]
[<<][50001429ce935623871950][DEFAULT][/testlink/login.php][12/Jul/13 12:27:21][12/Jul/13 12:27:21][took 0.016679 secs]
[>>][50001429d2ff9338649508][DEFAULT][/testlink/login.php][12/Jul/13 12:27:21]
[>>][5000142b005fa664931670][DEFAULT][/testlink/index.php][12/Jul/13 12:27:23]
[>>][5000142bf35ed811325315][DEFAULT][/testlink/lib/general/navBar.php][12/Jul/13 12:27:23]
[>>][5000142c0438d841573246][DEFAULT][/testlink/lib/general/mainPage.php][12/Jul/13 12:27:24]
[>>][5000142d2f653469295471][DEFAULT][/testlink/lib/project/projectEdit.php][12/Jul/13 12:27:25]
[>>][5000143a9980a841689958][DEFAULT][/testlink/lib/usermanagement/userInfo.php][12/Jul/13 12:27:38]
[>>][5000144eab10a497132780][DEFAULT][/testlink/lib/usermanagement/userInfo.php][12/Jul/13 12:27:58]
[>>][50001452a5214485779959][DEFAULT][/testlink/lib/general/navBar.php][12/Jul/13 12:28:02]
[>>][5000145509e59430290078][DEFAULT][/testlink/index.php][12/Jul/13 12:28:05]
[>>][50001456056c1553909043][DEFAULT][/testlink/lib/general/navBar.php][12/Jul/13 12:28:06]
[>>][50001456154bb482151629][DEFAULT][/testlink/lib/general/mainPage.php][12/Jul/13 12:28:06]
[>>][500014574b123210670903][DEFAULT][/testlink/lib/project/projectEdit.php][12/Jul/13 12:28:07]
[>>][5000146f2534e984537240][DEFAULT][/testlink/lib/project/projectEdit.php][12/Jul/13 12:28:31]
[>>][500014794ef23255126620][DEFAULT][/testlink/lib/general/navBar.php][12/Jul/13 12:28:41]
[>>][500015a5922c1150469988][DEFAULT][/testlink/lib/results/resultsNavigator.php][12/Jul/13 12:33:41]
[<<][500015a5922c1150469988][DEFAULT][/testlink/lib/results/resultsNavigator.php][12/Jul/13 12:33:41][12/Jul/13 12:33:41][took 0.081515 secs]
[>>][500015a5a6391332956997][DEFAULT][/testlink/lib/results/resultsNavigator.php][12/Jul/13 12:33:41]
[<<][500015a5a6391332956997][DEFAULT][/testlink/lib/results/resultsNavigator.php][12/Jul/13 12:33:41][12/Jul/13 12:33:41][took 0.00038199999999999 secs]
[>>][500015a626bff912940246][DEFAULT][/testlink/login.php][12/Jul/13 12:33:42]
[<<][500015a626bff912940246][DEFAULT][/testlink/login.php][12/Jul/13 12:33:42][12/Jul/13 12:33:42][took 0.082478 secs]
[>>][500015a63b0d1193950503][DEFAULT][/testlink/login.php][12/Jul/13 12:33:42]
[<<][500015a63b0d1193950503][DEFAULT][/testlink/login.php][12/Jul/13 12:33:42][12/Jul/13 12:33:42][took 0.02177 secs]
[>>][500015ba9265b797008831][DEFAULT][/testlink/login.php][12/Jul/13 12:34:02]
[<<][500015ba9265b797008831][DEFAULT][/testlink/login.php][12/Jul/13 12:34:02][12/Jul/13 12:34:02][took 0.082723 secs]
[>>][500015baa6c4e066261787][DEFAULT][/testlink/login.php][12/Jul/13 12:34:02]
[<<][500015baa6c4e066261787][DEFAULT][/testlink/login.php][12/Jul/13 12:34:02][12/Jul/13 12:34:02][took 0.01695 secs]
[>>][500015baab48a258781848][DEFAULT][/testlink/login.php][12/Jul/13 12:34:02]
[>>][500015bb35972765156799][DEFAULT][/testlink/index.php][12/Jul/13 12:34:03]
[>>][500015bbf369d988242630][DEFAULT][/testlink/lib/general/navBar.php][12/Jul/13 12:34:03]
[>>][500015bc0b8ba321379748][DEFAULT][/testlink/lib/general/mainPage.php][12/Jul/13 12:34:04]
[>>][500015d36c241407714412][DEFAULT][/testlink/lib/cfields/cfieldsView.php][12/Jul/13 12:34:27]
[>>][500015de1501a276753025][DEFAULT][/testlink/lib/cfields/cfieldsImport.php][12/Jul/13 12:34:38]
[>>][50001658bb71b295452029][DEFAULT][/testlink/lib/cfields/cfieldsImport.php][12/Jul/13 12:36:40]
[>>][50001663a7154233438136][DEFAULT][/testlink/lib/cfields/cfieldsImport.php][12/Jul/13 12:36:51]
[>>][5000166bb2420124680078][DEFAULT][/testlink/index.php][12/Jul/13 12:36:59]
[>>][5000166be9f40586396565][DEFAULT][/testlink/lib/general/navBar.php][12/Jul/13 12:36:59]
[>>][5000166beb94d055511521][DEFAULT][/testlink/lib/general/mainPage.php][12/Jul/13 12:36:59]
[>>][500016743b297977849907][DEFAULT][/lib/cfields/cfieldsTprojectAssign.php][12/Jul/13 12:37:08]
[>>][50001684af9fc093387024][DEFAULT][/lib/cfields/cfieldsTprojectAssign.php][12/Jul/13 12:37:24]
[>>][50001696ba2d3876771899][DEFAULT][/lib/cfields/cfieldsTprojectAssign.php][12/Jul/13 12:37:42]
[>>][500016a338df3794763184][DEFAULT][/testlink/index.php][12/Jul/13 12:37:55]
[>>][500016a365b6f461255420][DEFAULT][/testlink/lib/general/navBar.php][12/Jul/13 12:37:55]
[>>][500016a379072553877884][DEFAULT][/testlink/lib/general/mainPage.php][12/Jul/13 12:37:55]
[>>][500016b0da4bc358326795][DEFAULT][/testlink/lib/general/frmWorkArea.php][12/Jul/13 12:38:08]
[>>][500016b1423ba718092244][DEFAULT][/testlink/lib/general/staticPage.php][12/Jul/13 12:38:09]
[>>][500016b142e5a611488637][DEFAULT][/testlink/lib/testcases/listTestCases.php][12/Jul/13 12:38:09]
[>>][500016b2aa412564000685][DEFAULT][/testlink/lib/ajax/gettprojectnodes.php][12/Jul/13 12:38:10]
[>>][500016be9b753493982259][DEFAULT][/testlink/lib/testcases/archiveData.php][12/Jul/13 12:38:22]
[>>][500016ca83174550202552][DEFAULT][/testlink/lib/testcases/tcImport.php][12/Jul/13 12:38:34]
[>>][5000172f929a4309122937][DEFAULT][/testlink/lib/testcases/tcImport.php][12/Jul/13 12:40:15]
[>>][5000173071446683520994][DEFAULT][/testlink/lib/testcases/listTestCases.php][12/Jul/13 12:40:16]
[>>][500017327abfb448572307][DEFAULT][/testlink/lib/ajax/gettprojectnodes.php][12/Jul/13 12:40:18]
[>>][50001732bfd6f620228013][DEFAULT][/testlink/lib/ajax/gettprojectnodes.php][12/Jul/13 12:40:18]
[>>][5000173eabd4b521995275][DEFAULT][/testlink/index.php][12/Jul/13 12:40:30]
[>>][5000173f05ddf992116214][DEFAULT][/testlink/lib/general/navBar.php][12/Jul/13 12:40:31]
[>>][5000173f07c4d892654020][DEFAULT][/testlink/lib/general/mainPage.php][12/Jul/13 12:40:31]
[>>][500017451399b978969649][DEFAULT][/testlink/lib/general/frmWorkArea.php][12/Jul/13 12:40:37]
[>>][500017454b02c603174933][DEFAULT][/testlink/lib/testcases/listTestCases.php][12/Jul/13 12:40:37]
[>>][5000174566fd4379860898][DEFAULT][/testlink/lib/general/staticPage.php][12/Jul/13 12:40:37]
[>>][500017467c536614598646][DEFAULT][/testlink/lib/ajax/gettprojectnodes.php][12/Jul/13 12:40:38]
[>>][5000174a02a7d523425528][DEFAULT][/testlink/index.php][12/Jul/13 12:40:42]
[>>][5000174a3e66f476270655][DEFAULT][/testlink/lib/general/navBar.php][12/Jul/13 12:40:42]
[>>][5000174a3f374228959946][DEFAULT][/testlink/lib/general/mainPage.php][12/Jul/13 12:40:42]
[>>][5000174c8b1de510868481][DEFAULT][/testlink/lib/plan/planView.php][12/Jul/13 12:40:44]
[>>][500017505e69f432681782][DEFAULT][/testlink/lib/plan/planEdit.php][12/Jul/13 12:40:48]
[>>][50001757d1d31440216344][DEFAULT][/testlink/lib/plan/planEdit.php][12/Jul/13 12:40:55]
[>>][5000176330cfb681002605][DEFAULT][/testlink/lib/plan/planImport.php][12/Jul/13 12:41:07]
[>>][500017dc4dad1340273544][DEFAULT][/testlink/index.php][12/Jul/13 12:43:08]
[>>][500017dc8e247349438019][DEFAULT][/testlink/lib/general/navBar.php][12/Jul/13 12:43:08]
[>>][500017dc92910758406583][DEFAULT][/testlink/lib/general/mainPage.php][12/Jul/13 12:43:08]
[>>][500017e215882815238519][DEFAULT][/testlink/lib/plan/planView.php][12/Jul/13 12:43:14]
[>>][500017e5e82fb869702926][DEFAULT][/testlink/lib/plan/planImport.php][12/Jul/13 12:43:17]
[>>][5000181062e9d732660433][DEFAULT][/testlink/lib/plan/planImport.php][12/Jul/13 12:44:00]
[>>][5000181669a6a686315707][DEFAULT][/testlink/index.php][12/Jul/13 12:44:06]
[>>][50001816b2873490192991][DEFAULT][/testlink/lib/general/navBar.php][12/Jul/13 12:44:06]
[>>][50001816baf11316194016][DEFAULT][/testlink/lib/general/mainPage.php][12/Jul/13 12:44:06]
[>>][5000181a71276290287911][DEFAULT][/testlink/lib/plan/planView.php][12/Jul/13 12:44:10]
[>>][5000182247030853779033][DEFAULT][/testlink/lib/plan/planEdit.php][12/Jul/13 12:44:18]
[>>][500018271035a853226881][DEFAULT][/testlink/lib/general/frmWorkArea.php][12/Jul/13 12:44:23]
[>>][5000182748adc723763738][DEFAULT][/testlink/lib/testcases/listTestCases.php][12/Jul/13 12:44:23]
[>>][5000182749e6b086221426][DEFAULT][/testlink/lib/general/staticPage.php][12/Jul/13 12:44:23]
[>>][50001828265ab159189283][DEFAULT][/testlink/lib/ajax/gettprojectnodes.php][12/Jul/13 12:44:24]
[>>][5000182a7c108298425951][DEFAULT][/testlink/lib/general/frmWorkArea.php][12/Jul/13 12:44:26]
[>>][5000182d7fc48048576701][DEFAULT][/testlink/lib/plan/buildEdit.php][12/Jul/13 12:44:29]
[>>][50001833f1b00672046859][DEFAULT][/testlink/lib/plan/buildEdit.php][12/Jul/13 12:44:35]
[>>][50001836e82d5956939178][DEFAULT][/testlink/lib/general/frmWorkArea.php][12/Jul/13 12:44:38]
[>>][5000183749660945878249][DEFAULT][/testlink/lib/execute/execNavigator.php][12/Jul/13 12:44:39]
[>>][500018374bb17464505902][DEFAULT][/testlink/lib/general/staticPage.php][12/Jul/13 12:44:39]
[>>][500018436c24c564804524][DEFAULT][/testlink/lib/general/frmWorkArea.php][12/Jul/13 12:44:51]
[>>][50001843b36ec348148469][DEFAULT][/testlink/lib/general/staticPage.php][12/Jul/13 12:44:51]
[>>][50001843b43bc234055215][DEFAULT][/testlink/lib/testcases/listTestCases.php][12/Jul/13 12:44:51]
[>>][50001844893da876492334][DEFAULT][/testlink/lib/ajax/gettprojectnodes.php][12/Jul/13 12:44:52]
[>>][500018466054d669056021][DEFAULT][/testlink/lib/ajax/gettprojectnodes.php][12/Jul/13 12:44:54]
[>>][50001848ed4ea469703087][DEFAULT][/testlink/lib/testcases/archiveData.php][12/Jul/13 12:44:56]
[>>][5000184b530ec695394002][DEFAULT][/testlink/lib/testcases/tcAssign2Tplan.php][12/Jul/13 12:44:59]
[>>][5000184dc8b20079328015][DEFAULT][/testlink/lib/testcases/tcEdit.php][12/Jul/13 12:45:01]
[>>][5000184e92190340970939][DEFAULT][/testlink/lib/testcases/listTestCases.php][12/Jul/13 12:45:02]
[>>][5000184f432db984258292][DEFAULT][/testlink/lib/ajax/gettprojectnodes.php][12/Jul/13 12:45:03]
[>>][5000184f75671750906656][DEFAULT][/testlink/lib/ajax/gettprojectnodes.php][12/Jul/13 12:45:03]
[>>][50001855c03b8287902477][DEFAULT][/testlink/lib/general/frmWorkArea.php][12/Jul/13 12:45:09]
[>>][50001856262da815388559][DEFAULT][/testlink/lib/execute/execNavigator.php][12/Jul/13 12:45:10]
[>>][50001856298cb449805840][DEFAULT][/testlink/lib/general/staticPage.php][12/Jul/13 12:45:10]
[>>][5000186113e7b302456037][DEFAULT][/testlink/lib/execute/execSetResults.php][12/Jul/13 12:45:21]
[>>][50001865f0592438043619][DEFAULT][/testlink/lib/execute/execSetResults.php][12/Jul/13 12:45:25]
[>>][50001866c5a99537144468][DEFAULT][/testlink/lib/execute/execNavigator.php][12/Jul/13 12:45:26]
[>>][50001868492aa919258010][DEFAULT][/testlink/lib/execute/execSetResults.php][12/Jul/13 12:45:28]
[>>][5000186b20dd7814454680][DEFAULT][/testlink/lib/execute/execSetResults.php][12/Jul/13 12:45:31]
[>>][5000186c34fc6531452650][DEFAULT][/testlink/lib/execute/execNavigator.php][12/Jul/13 12:45:32]
[>>][5000186f8eff6684318303][DEFAULT][/testlink/lib/execute/execSetResults.php][12/Jul/13 12:45:35]
[>>][50001889698b6257552823][DEFAULT][/testlink/lib/execute/execSetResults.php][12/Jul/13 12:46:01]
[>>][5000188a3ac18108578344][DEFAULT][/testlink/lib/execute/execNavigator.php][12/Jul/13 12:46:02]
[>>][5000188dc0129192942422][DEFAULT][/testlink/lib/execute/execSetResults.php][12/Jul/13 12:46:05]
[>>][500018abc93ad417971024][DEFAULT][/testlink/lib/execute/execSetResults.php][12/Jul/13 12:46:35]
[>>][500018ac996ee066055920][DEFAULT][/testlink/lib/execute/execNavigator.php][12/Jul/13 12:46:36]
[>>][500018afafbda460291010][DEFAULT][/testlink/lib/general/frmWorkArea.php][12/Jul/13 12:46:39]
[>>][500018b0144b1138188306][DEFAULT][/testlink/lib/results/resultsNavigator.php][12/Jul/13 12:46:40]
[>>][500018b017067879471211][DEFAULT][/testlink/lib/general/staticPage.php][12/Jul/13 12:46:40]
[>>][500018b0da60d656843369][DEFAULT][/testlink/lib/general/staticPage.php][12/Jul/13 12:46:40]
[>>][500018b365241023986400][DEFAULT][/testlink/lib/results/resultsNavigator.php][12/Jul/13 12:46:43]
[>>][500018b3e2c29760923279][DEFAULT][/testlink/lib/general/staticPage.php][12/Jul/13 12:46:43]
[>>][500018b50eaf3928763365][DEFAULT][/testlink/lib/results/printDocOptions.php][12/Jul/13 12:46:45]
[>>][500018bec7805543869628][DEFAULT][/testlink/lib/results/printDocument.php][12/Jul/13 12:46:54]
[>>][5000235b86e4b544231286][DEFAULT][/testlink/index.php][12/Jul/13 13:32:11]
[>>][5000235be5d5a866719596][DEFAULT][/testlink/lib/general/navBar.php][12/Jul/13 13:32:11]
[>>][5000235be8147880964823][DEFAULT][/testlink/lib/general/mainPage.php][12/Jul/13 13:32:11]
[>>][5000235dd71ef211862501][DEFAULT][/testlink/lib/general/frmWorkArea.php][12/Jul/13 13:32:13]
[>>][5000235e2a180505425658][DEFAULT][/testlink/lib/results/resultsNavigator.php][12/Jul/13 13:32:14]
[>>][5000235e2ae1c710465621][DEFAULT][/testlink/lib/general/staticPage.php][12/Jul/13 13:32:14]
[>>][5000235ecdfb0221744760][DEFAULT][/testlink/lib/general/staticPage.php][12/Jul/13 13:32:14]
[>>][5000236adbfb6244621595][DEFAULT][/testlink/lib/results/resultsNavigator.php][12/Jul/13 13:32:26]
[>>][5000236b538ba486350937][DEFAULT][/testlink/lib/general/staticPage.php][12/Jul/13 13:32:27]
[>>][50002cb44aca5901013289][DEFAULT][/testlink/index.php][12/Jul/13 14:12:04]
[<<][50002cb44aca5901013289][DEFAULT][/testlink/index.php][12/Jul/13 14:12:04][12/Jul/13 14:12:04][took 0.076625 secs]
[>>][50002cb490951386485263][DEFAULT][/testlink/login.php][12/Jul/13 14:12:04]
[<<][50002cb490951386485263][DEFAULT][/testlink/login.php][12/Jul/13 14:12:04][12/Jul/13 14:12:04][took 0.082887 secs]
[>>][50002cb4a4fa3402249321][DEFAULT][/testlink/login.php][12/Jul/13 14:12:04]
[<<][50002cb4a4fa3402249321][DEFAULT][/testlink/login.php][12/Jul/13 14:12:04][12/Jul/13 14:12:04][took 0.021228 secs]
[>>][50002cb87b8df089313066][DEFAULT][/testlink/login.php][12/Jul/13 14:12:08]
[<<][50002cb87b8df089313066][DEFAULT][/testlink/login.php][12/Jul/13 14:12:08][12/Jul/13 14:12:08][took 0.082997 secs]
[>>][50002cb89003d633917972][DEFAULT][/testlink/login.php][12/Jul/13 14:12:08]
[<<][50002cb89003d633917972][DEFAULT][/testlink/login.php][12/Jul/13 14:12:08][12/Jul/13 14:12:08][took 0.016828 secs]
[>>][50002cb894788508431586][DEFAULT][/testlink/login.php][12/Jul/13 14:12:08]
[>>][50002cb9d282f614417009][DEFAULT][/testlink/index.php][12/Jul/13 14:12:09]
[>>][50002cba20609795568516][DEFAULT][/testlink/lib/general/navBar.php][12/Jul/13 14:12:10]
[>>][50002cba21684032610104][DEFAULT][/testlink/lib/general/mainPage.php][12/Jul/13 14:12:10]
[>>][500122e5b8d68022734694][DEFAULT][/testlink/index.php][12/Jul/14 07:42:29]
[<<][500122e5b8d68022734694][DEFAULT][/testlink/index.php][12/Jul/14 07:42:29][12/Jul/14 07:42:29][took 0.2092 secs]
[>>][500122ea64add772142649][DEFAULT][/testlink/login.php][12/Jul/14 07:42:34]
[<<][500122ea64add772142649][DEFAULT][/testlink/login.php][12/Jul/14 07:42:34][12/Jul/14 07:42:34][took 0.148399 secs]
[>>][500122ea8913b453788631][DEFAULT][/testlink/login.php][12/Jul/14 07:42:34]
[<<][500122ea8913b453788631][DEFAULT][/testlink/login.php][12/Jul/14 07:42:34][12/Jul/14 07:42:34][took 0.112408 secs]
[>>][50019a7cc16ac887291314][DEFAULT][/testlink/login.php][12/Jul/14 16:12:44]
[<<][50019a7cc16ac887291314][DEFAULT][/testlink/login.php][12/Jul/14 16:12:44][12/Jul/14 16:12:44][took 0.082577 secs]
[>>][50019a7cd5c56800559555][DEFAULT][/testlink/login.php][12/Jul/14 16:12:44]
[<<][50019a7cd5c56800559555][DEFAULT][/testlink/login.php][12/Jul/14 16:12:44][12/Jul/14 16:12:44][took 0.020691 secs]
[>>][50019c1502cdf833708506][DEFAULT][/testlink/login.php][12/Jul/14 16:19:33]
[<<][50019c1502cdf833708506][DEFAULT][/testlink/login.php][12/Jul/14 16:19:33][12/Jul/14 16:19:33][took 0.082768 secs]
[>>][50019c15172da850288114][DEFAULT][/testlink/login.php][12/Jul/14 16:19:33]
[<<][50019c15172da850288114][DEFAULT][/testlink/login.php][12/Jul/14 16:19:33][12/Jul/14 16:19:33][took 0.020559 secs]
[>>][5001aa200ee3a715113989][DEFAULT][/testlink/login.php][12/Jul/14 17:19:28]
[<<][5001aa200ee3a715113989][DEFAULT][/testlink/login.php][12/Jul/14 17:19:28][12/Jul/14 17:19:28][took 0.101509 secs]
[>>][5001aa2027db1863384286][DEFAULT][/testlink/login.php][12/Jul/14 17:19:28]
[<<][5001aa2027db1863384286][DEFAULT][/testlink/login.php][12/Jul/14 17:19:28][12/Jul/14 17:19:28][took 0.018291 secs]
[>>][5001aa202cab6984448766][DEFAULT][/testlink/login.php][12/Jul/14 17:19:28]
[>>][5001aa216b9d0923846877][DEFAULT][/testlink/index.php][12/Jul/14 17:19:29]
[>>][5001aa221e09e012980998][DEFAULT][/testlink/lib/general/navBar.php][12/Jul/14 17:19:30]
[>>][5001aa221f52d561602151][DEFAULT][/testlink/lib/general/mainPage.php][12/Jul/14 17:19:30]
[>>][500364837ef55689978033][DEFAULT][/testlink/index.php][12/Jul/16 00:46:59]
[<<][500364837ef55689978033][DEFAULT][/testlink/index.php][12/Jul/16 00:46:59][12/Jul/16 00:46:59][took 0.197645 secs]
[>>][50036579efcb5567231314][DEFAULT][/testlink/index.php][12/Jul/16 00:51:05]
[<<][50036579efcb5567231314][DEFAULT][/testlink/index.php][12/Jul/16 00:51:05][12/Jul/16 00:51:06][took 0.071534 secs]
[>>][5003657a31415612433143][DEFAULT][/testlink/login.php][12/Jul/16 00:51:06]
[<<][5003657a31415612433143][DEFAULT][/testlink/login.php][12/Jul/16 00:51:06][12/Jul/16 00:51:06][took 0.108377 secs]
[>>][5003657a4c060851034771][DEFAULT][/testlink/login.php][12/Jul/16 00:51:06]
[<<][5003657a4c060851034771][DEFAULT][/testlink/login.php][12/Jul/16 00:51:06][12/Jul/16 00:51:06][took 0.185456 secs]
[>>][500395ce8adf1834402285][DEFAULT][/testlink/login.php][12/Jul/16 04:17:18]
[<<][500395ce8adf1834402285][DEFAULT][/testlink/login.php][12/Jul/16 04:17:18][12/Jul/16 04:17:18][took 0.126151 secs]
[>>][500395cea9d5f773144794][DEFAULT][/testlink/login.php][12/Jul/16 04:17:18]
[<<][500395cea9d5f773144794][DEFAULT][/testlink/login.php][12/Jul/16 04:17:18][12/Jul/16 04:17:18][took 0.022803 secs]
[>>][500395ceafc63102483329][DEFAULT][/testlink/login.php][12/Jul/16 04:17:18]
[>>][500395d7c0b3c331187932][DEFAULT][/testlink/index.php][12/Jul/16 04:17:27]
[>>][500395d883269744156813][DEFAULT][/testlink/lib/general/navBar.php][12/Jul/16 04:17:28]
[>>][500395d883624879062221][DEFAULT][/testlink/lib/general/mainPage.php][12/Jul/16 04:17:28]
[>>][50041be25d670021166389][DEFAULT][/testlink/index.php][12/Jul/16 13:49:22]
[<<][50041be25d670021166389][DEFAULT][/testlink/index.php][12/Jul/16 13:49:22][12/Jul/16 13:49:22][took 0.157201 secs]
[>>][50041c1521a75530914582][DEFAULT][/testlink/login.php][12/Jul/16 13:50:13]
[<<][50041c1521a75530914582][DEFAULT][/testlink/login.php][12/Jul/16 13:50:13][12/Jul/16 13:50:13][took 0.098347 secs]
[>>][50041c1539d89474251917][DEFAULT][/testlink/login.php][12/Jul/16 13:50:13]
[<<][50041c1539d89474251917][DEFAULT][/testlink/login.php][12/Jul/16 13:50:13][12/Jul/16 13:50:13][took 0.170174 secs]
[>>][500501e00631f317056297][DEFAULT][/testlink/index.php][12/Jul/17 06:10:40]
[<<][500501e00631f317056297][DEFAULT][/testlink/index.php][12/Jul/17 06:10:40][12/Jul/17 06:10:40][took 0.097978 secs]
[>>][500501e061582647698954][DEFAULT][/testlink/login.php][12/Jul/17 06:10:40]
[<<][500501e061582647698954][DEFAULT][/testlink/login.php][12/Jul/17 06:10:40][12/Jul/17 06:10:40][took 0.083349 secs]
[>>][500501e075eb3299668877][DEFAULT][/testlink/login.php][12/Jul/17 06:10:40]
[<<][500501e075eb3299668877][DEFAULT][/testlink/login.php][12/Jul/17 06:10:40][12/Jul/17 06:10:40][took 0.027435 secs]
[>>][50052680c81c2133324752][DEFAULT][/testlink/login.php][12/Jul/17 08:46:56]
[<<][50052680c81c2133324752][DEFAULT][/testlink/login.php][12/Jul/17 08:46:56][12/Jul/17 08:46:56][took 0.082643 secs]
[>>][50052680dc7b6988455900][DEFAULT][/testlink/login.php][12/Jul/17 08:46:56]
[<<][50052680dc7b6988455900][DEFAULT][/testlink/login.php][12/Jul/17 08:46:56][12/Jul/17 08:46:56][took 0.017275 secs]
[>>][50052680e10f0420073279][DEFAULT][/testlink/login.php][12/Jul/17 08:46:56]
[>>][500526823403b390831877][DEFAULT][/testlink/index.php][12/Jul/17 08:46:58]
[>>][50052684e89c2977593921][DEFAULT][/testlink/lib/general/navBar.php][12/Jul/17 08:47:00]
[>>][50052684e980f615925306][DEFAULT][/testlink/lib/general/mainPage.php][12/Jul/17 08:47:00]
[>>][500526db9da02461262393][DEFAULT][/testlink/lib/general/frmWorkArea.php][12/Jul/17 08:48:27]
[>>][500526dc0906c755351808][DEFAULT][/lib/requirements/reqSpecListTree.php][12/Jul/17 08:48:28]
[>>][500526dc0b21e168409143][DEFAULT][/testlink/lib/general/staticPage.php][12/Jul/17 08:48:28]
[>>][500526dd3eb89174428583][DEFAULT][/testlink/lib/ajax/getrequirementnodes.php][12/Jul/17 08:48:29]
[>>][500526dd6ff1a715885381][DEFAULT][/testlink/lib/general/frmWorkArea.php][12/Jul/17 08:48:29]
[>>][500526ddb6d95903035005][DEFAULT][/testlink/lib/general/staticPage.php][12/Jul/17 08:48:29]
[>>][500526ddb971f192311740][DEFAULT][/testlink/lib/testcases/listTestCases.php][12/Jul/17 08:48:29]
[>>][500526de80842738902320][DEFAULT][/testlink/lib/ajax/gettprojectnodes.php][12/Jul/17 08:48:30]
[>>][500526dee1247760099164][DEFAULT][/testlink/lib/ajax/gettprojectnodes.php][12/Jul/17 08:48:30]
[>>][500526e0d523c890643614][DEFAULT][/testlink/lib/testcases/archiveData.php][12/Jul/17 08:48:32]
[>>][500526e79f832905427516][DEFAULT][/testlink/lib/testcases/tcEdit.php][12/Jul/17 08:48:39]
[>>][500526eaef2ce496578871][DEFAULT][/testlink/lib/testcases/tcEdit.php][12/Jul/17 08:48:42]
[>>][500526ff3a58a018576074][DEFAULT][/testlink/login.php][12/Jul/17 08:49:03]
[<<][500526ff3a58a018576074][DEFAULT][/testlink/login.php][12/Jul/17 08:49:03][12/Jul/17 08:49:03][took 0.082222 secs]
[>>][500526ff4e984329069817][DEFAULT][/testlink/login.php][12/Jul/17 08:49:03]
[>>][500526ff7bf1f960481850][DEFAULT][/testlink/lib/testcases/tcEdit.php][12/Jul/17 08:49:03]
[>>][5005270018bc3109284432][DEFAULT][/testlink/lib/testcases/listTestCases.php][12/Jul/17 08:49:04]
[>>][500527009ac0b458124718][DEFAULT][/testlink/lib/ajax/gettprojectnodes.php][12/Jul/17 08:49:04]
[>>][5005270109e7e950610022][DEFAULT][/testlink/lib/ajax/gettprojectnodes.php][12/Jul/17 08:49:05]
[>>][500527061f3cb872813929][DEFAULT][/testlink/lib/testcases/tcPrint.php][12/Jul/17 08:49:10]
[>>][5005270fd7873537369745][DEFAULT][/testlink/lib/testcases/tcCompareVersions.php][12/Jul/17 08:49:19]
[>>][5005271681b0d327630155][DEFAULT][/testlink/lib/testcases/tcCompareVersions.php][12/Jul/17 08:49:26]
[>>][5005272c01713457592999][DEFAULT][/testlink/lib/testcases/tcCompareVersions.php][12/Jul/17 08:49:48]
[>>][5005275811215821072500][DEFAULT][/testlink/lib/testcases/tcCompareVersions.php][12/Jul/17 08:50:32]
[>>][500537d14fd8f679868621][DEFAULT][/testlink/login.php][12/Jul/17 10:00:49]
[<<][500537d14fd8f679868621][DEFAULT][/testlink/login.php][12/Jul/17 10:00:49][12/Jul/17 10:00:49][took 0.082559 secs]
[>>][500537d1642ce882298219][DEFAULT][/testlink/login.php][12/Jul/17 10:00:49]
[<<][500537d1642ce882298219][DEFAULT][/testlink/login.php][12/Jul/17 10:00:49][12/Jul/17 10:00:49][took 0.02691 secs]
[>>][50053f75b8b9a014166671][DEFAULT][/testlink/login.php][12/Jul/17 10:33:25]
[<<][50053f75b8b9a014166671][DEFAULT][/testlink/login.php][12/Jul/17 10:33:25][12/Jul/17 10:33:25][took 0.079403 secs]
[>>][50053f75cc495792275499][DEFAULT][/testlink/login.php][12/Jul/17 10:33:25]
[<<][50053f75cc495792275499][DEFAULT][/testlink/login.php][12/Jul/17 10:33:25][12/Jul/17 10:33:25][took 0.027418 secs]
[>>][5006177c49a32634127449][DEFAULT][/testlink/login.php][12/Jul/18 01:55:08]
[<<][5006177c49a32634127449][DEFAULT][/testlink/login.php][12/Jul/18 01:55:08][12/Jul/18 01:55:08][took 0.1168 secs]
[>>][5006177c6657e603975547][DEFAULT][/testlink/login.php][12/Jul/18 01:55:08]
[<<][5006177c6657e603975547][DEFAULT][/testlink/login.php][12/Jul/18 01:55:08][12/Jul/18 01:55:08][took 0.027583 secs]
[>>][5006865eec935549899207][DEFAULT][/testlink/login.php][12/Jul/18 09:48:14]
[<<][5006865eec935549899207][DEFAULT][/testlink/login.php][12/Jul/18 09:48:14][12/Jul/18 09:48:15][took 0.161816 secs]
[>>][5006865f20239678331268][DEFAULT][/testlink/login.php][12/Jul/18 09:48:15]
[<<][5006865f20239678331268][DEFAULT][/testlink/login.php][12/Jul/18 09:48:15][12/Jul/18 09:48:15][took 0.033802 secs]
